<?xml version="1.0" encoding="UTF-8"?>
<!-- Generated by org.testng.reporters.JUnitXMLReporter -->
<testsuite hostname="ABHICHAK-LAP" name="Mod1" tests="6" failures="3" timestamp="27 May 2019 17:54:00 GMT" time="0.059" errors="0">
  <testcase name="MoneyTransfer" time="0.037" classname="Bank.Bank1">
    <failure type="java.io.FileNotFoundException" message="D:\Selenium-Project\Abhishek_Project\Jenkins_Git\localgitrep\HDFCBank\ReportOP\TestHtmlReport.html (The system cannot find the path specified)">
      <![CDATA[java.io.FileNotFoundException: D:\Selenium-Project\Abhishek_Project\Jenkins_Git\localgitrep\HDFCBank\ReportOP\TestHtmlReport.html (The system cannot find the path specified)
	at java.io.FileOutputStream.open0(Native Method)
	at java.io.FileOutputStream.open(FileOutputStream.java:270)
	at java.io.FileOutputStream.<init>(FileOutputStream.java:213)
	at java.io.FileWriter.<init>(FileWriter.java:107)
	at Bank.Report.updateResult(Report.java:28)
	at Bank.Bank1.MoneyTransfer(Bank1.java:24)
... Removed 23 stack frames]]>
    </failure>
  </testcase> <!-- MoneyTransfer -->
  <testcase name="BillPayment" time="0.002" classname="Bank.Bank1">
    <failure type="java.io.FileNotFoundException" message="D:\Selenium-Project\Abhishek_Project\Jenkins_Git\localgitrep\HDFCBank\ReportOP\TestHtmlReport.html (The system cannot find the path specified)">
      <![CDATA[java.io.FileNotFoundException: D:\Selenium-Project\Abhishek_Project\Jenkins_Git\localgitrep\HDFCBank\ReportOP\TestHtmlReport.html (The system cannot find the path specified)
	at java.io.FileOutputStream.open0(Native Method)
	at java.io.FileOutputStream.open(FileOutputStream.java:270)
	at java.io.FileOutputStream.<init>(FileOutputStream.java:213)
	at java.io.FileWriter.<init>(FileWriter.java:107)
	at Bank.Report.updateResult(Report.java:28)
	at Bank.Bank1.BillPayment(Bank1.java:51)
... Removed 23 stack frames]]>
    </failure>
  </testcase> <!-- BillPayment -->
  <testcase name="StdGen" time="0.001" classname="Bank.Bank1">
    <failure type="java.io.FileNotFoundException" message="D:\Selenium-Project\Abhishek_Project\Jenkins_Git\localgitrep\HDFCBank\ReportOP\TestHtmlReport.html (The system cannot find the path specified)">
      <![CDATA[java.io.FileNotFoundException: D:\Selenium-Project\Abhishek_Project\Jenkins_Git\localgitrep\HDFCBank\ReportOP\TestHtmlReport.html (The system cannot find the path specified)
	at java.io.FileOutputStream.open0(Native Method)
	at java.io.FileOutputStream.open(FileOutputStream.java:270)
	at java.io.FileOutputStream.<init>(FileOutputStream.java:213)
	at java.io.FileWriter.<init>(FileWriter.java:107)
	at Bank.Report.updateResult(Report.java:28)
	at Bank.Bank1.StdGen(Bank1.java:38)
... Removed 23 stack frames]]>
    </failure>
  </testcase> <!-- StdGen -->
  <testcase name="ApplyCC" time="0.001" classname="Bank.Bank1">
    <skipped/>
  </testcase> <!-- ApplyCC -->
  <testcase name="ITReturn" time="0.001" classname="Bank.Bank4"/>
  <testcase name="PayTax" time="0.005" classname="Bank.Bank4"/>
</testsuite> <!-- Mod1 -->
